<?xml version="1.0" encoding="UTF-8"?>
<testng-results skipped="0" failed="0" ignored="0" total="3" passed="3">
  <reporter-output>
  </reporter-output>
  <suite name="Suite" duration-ms="24" started-at="2018-02-12T18:51:01Z" finished-at="2018-02-12T18:51:01Z">
    <groups>
    </groups>
    <test name="Loan Department" duration-ms="24" started-at="2018-02-12T18:51:01Z" finished-at="2018-02-12T18:51:01Z">
      <class name="test.day2">
        <test-method status="PASS" signature="ploan()[pri:0, instance:test.day2@62ee68d8]" name="ploan" duration-ms="1" started-at="2018-02-12T19:51:01Z" finished-at="2018-02-12T19:51:01Z">
          <reporter-output>
          </reporter-output>
        </test-method> <!-- ploan -->
      </class> <!-- test.day2 -->
      <class name="test.day1">
        <test-method status="PASS" signature="Demo()[pri:0, instance:test.day1@51081592]" name="Demo" duration-ms="6" started-at="2018-02-12T19:51:01Z" finished-at="2018-02-12T19:51:01Z">
          <reporter-output>
          </reporter-output>
        </test-method> <!-- Demo -->
        <test-method status="PASS" signature="secondTest()[pri:0, instance:test.day1@51081592]" name="secondTest" duration-ms="0" started-at="2018-02-12T19:51:01Z" finished-at="2018-02-12T19:51:01Z">
          <reporter-output>
          </reporter-output>
        </test-method> <!-- secondTest -->
      </class> <!-- test.day1 -->
    </test> <!-- Loan Department -->
  </suite> <!-- Suite -->
</testng-results>
