<?xml version="1.0" encoding="UTF-8"?>
<!-- Generated by org.testng.reporters.JUnitXMLReporter -->
<testsuite hostname="Okles-PC" ignored="2" name="Car Loan" tests="3" failures="0" timestamp="07 maj 2018 17:49:54 GMT" time="0.009" errors="0">
  <testcase name="mobileLoginCarLoan" time="0.001" classname="test.day3"/>
  <testcase name="webLoginCarLoan" time="0.0" classname="test.day3"/>
  <testcase name="mobileSignOutLoan" time="0.001" classname="test.day3"/>
  <testcase name="APIcarLoan" time="0.0" classname="test.day3">
    <ignored/>
  </testcase> <!-- APIcarLoan -->
  <testcase name="mobileSignInLoan" time="0.0" classname="test.day3">
    <ignored/>
  </testcase> <!-- mobileSignInLoan -->
</testsuite> <!-- Car Loan -->
