<?xml version="1.0" encoding="UTF-8"?>
<!-- Generated by org.testng.reporters.JUnitXMLReporter -->
<testsuite hostname="Okles-PC" ignored="1" name="Personal Loan" tests="2" failures="0" timestamp="12 lut 2018 19:31:23 GMT" time="0.023" errors="0">
  <testcase name="Demo" time="0.006" classname="test.day1"/>
  <testcase name="ploan" time="0.0" classname="test.day2"/>
  <testcase name="secondTest" time="0.0" classname="test.day1">
    <ignored/>
  </testcase> <!-- secondTest -->
</testsuite> <!-- Personal Loan -->
