<?xml version="1.0" encoding="UTF-8"?>
<!-- Generated by org.testng.reporters.JUnitXMLReporter -->
<testsuite hostname="Okles-PC" ignored="1" name="Personal Loan" tests="5" failures="0" timestamp="09 maj 2018 18:30:37 GMT" time="0.024" errors="0">
  <testcase name="Demo" time="0.002" classname="test.day1"/>
  <testcase name="ploan" time="0.001" classname="test.day2"/>
  <testcase name="loginAPIhomeLoan" time="0.001" classname="test.day4"/>
  <testcase name="mobileLoginhomeLoan" time="0.001" classname="test.day4"/>
  <testcase name="webLoginhomeLoan" time="0.001" classname="test.day4"/>
  <testcase name="secondTest" time="0.0" classname="test.day1">
    <ignored/>
  </testcase> <!-- secondTest -->
</testsuite> <!-- Personal Loan -->
