<?xml version="1.0" encoding="UTF-8"?>
<!-- Generated by org.testng.reporters.JUnitXMLReporter -->
<testsuite hostname="Okles-PC" ignored="8" name="Regression" tests="3" failures="0" timestamp="07 maj 2018 17:19:24 GMT" time="0.027" errors="0">
  <testcase name="ploan" time="0.007" classname="test.day2"/>
  <testcase name="APIcarLoan" time="0.001" classname="test.day3"/>
  <testcase name="webLoginhomeLoan" time="0.001" classname="test.day4"/>
  <testcase name="secondTest" time="0.0" classname="test.day1">
    <ignored/>
  </testcase> <!-- secondTest -->
  <testcase name="mobileLoginCarLoan" time="0.0" classname="test.day3">
    <ignored/>
  </testcase> <!-- mobileLoginCarLoan -->
  <testcase name="webLoginCarLoan" time="0.0" classname="test.day3">
    <ignored/>
  </testcase> <!-- webLoginCarLoan -->
  <testcase name="mobileSignOutLoan" time="0.0" classname="test.day3">
    <ignored/>
  </testcase> <!-- mobileSignOutLoan -->
  <testcase name="Demo" time="0.0" classname="test.day1">
    <ignored/>
  </testcase> <!-- Demo -->
  <testcase name="mobileSignInLoan" time="0.0" classname="test.day3">
    <ignored/>
  </testcase> <!-- mobileSignInLoan -->
  <testcase name="loginAPIhomeLoan" time="0.0" classname="test.day4">
    <ignored/>
  </testcase> <!-- loginAPIhomeLoan -->
  <testcase name="mobileLoginhomeLoan" time="0.0" classname="test.day4">
    <ignored/>
  </testcase> <!-- mobileLoginhomeLoan -->
</testsuite> <!-- Regression -->
