<?xml version="1.0" encoding="UTF-8"?>
<testng-results skipped="0" failed="0" ignored="2" total="14" passed="12">
  <reporter-output>
  </reporter-output>
  <suite name="Loan Department" duration-ms="60" started-at="2018-04-26T18:21:26Z" finished-at="2018-04-26T18:21:26Z">
    <groups>
    </groups>
    <test name="Personal Loan" duration-ms="23" started-at="2018-04-26T18:21:26Z" finished-at="2018-04-26T18:21:26Z">
      <class name="test.day4">
        <test-method status="PASS" signature="loginAPIhomeLoan()[pri:0, instance:test.day4@1593948d]" name="loginAPIhomeLoan" duration-ms="1" started-at="2018-04-26T20:21:26Z" finished-at="2018-04-26T20:21:26Z">
          <reporter-output>
          </reporter-output>
        </test-method> <!-- loginAPIhomeLoan -->
        <test-method status="PASS" signature="mobileLoginhomeLoan()[pri:0, instance:test.day4@1593948d]" name="mobileLoginhomeLoan" duration-ms="0" started-at="2018-04-26T20:21:26Z" finished-at="2018-04-26T20:21:26Z">
          <reporter-output>
          </reporter-output>
        </test-method> <!-- mobileLoginhomeLoan -->
        <test-method status="PASS" signature="webLoginhomeLoan()[pri:0, instance:test.day4@1593948d]" name="webLoginhomeLoan" duration-ms="1" started-at="2018-04-26T20:21:26Z" finished-at="2018-04-26T20:21:26Z">
          <reporter-output>
          </reporter-output>
        </test-method> <!-- webLoginhomeLoan -->
      </class> <!-- test.day4 -->
      <class name="test.day2">
        <test-method status="PASS" signature="prerequisite()[pri:0, instance:test.day2@51565ec2]" name="prerequisite" is-config="true" duration-ms="1" started-at="2018-04-26T20:21:26Z" finished-at="2018-04-26T20:21:26Z">
          <reporter-output>
          </reporter-output>
        </test-method> <!-- prerequisite -->
        <test-method status="PASS" signature="ploan()[pri:0, instance:test.day2@51565ec2]" name="ploan" duration-ms="1" started-at="2018-04-26T20:21:26Z" finished-at="2018-04-26T20:21:26Z">
          <reporter-output>
          </reporter-output>
        </test-method> <!-- ploan -->
      </class> <!-- test.day2 -->
      <class name="test.day1">
        <test-method status="PASS" signature="Demo()[pri:0, instance:test.day1@482f8f11]" name="Demo" duration-ms="3" started-at="2018-04-26T20:21:26Z" finished-at="2018-04-26T20:21:26Z">
          <reporter-output>
          </reporter-output>
        </test-method> <!-- Demo -->
        <test-method status="PASS" signature="lastExecution()[pri:0, instance:test.day1@482f8f11]" name="lastExecution" is-config="true" duration-ms="0" started-at="2018-04-26T20:21:26Z" finished-at="2018-04-26T20:21:26Z">
          <reporter-output>
          </reporter-output>
        </test-method> <!-- lastExecution -->
      </class> <!-- test.day1 -->
    </test> <!-- Personal Loan -->
    <test name="Car Loan" duration-ms="9" started-at="2018-04-26T18:21:26Z" finished-at="2018-04-26T18:21:26Z">
      <class name="test.day3">
        <test-method status="PASS" signature="beforeEvery()[pri:0, instance:test.day3@1e88b3c]" name="beforeEvery" is-config="true" duration-ms="1" started-at="2018-04-26T20:21:26Z" finished-at="2018-04-26T20:21:26Z">
          <reporter-output>
          </reporter-output>
        </test-method> <!-- beforeEvery -->
        <test-method status="PASS" signature="mobileLoginCarLoan()[pri:0, instance:test.day3@1e88b3c]" name="mobileLoginCarLoan" duration-ms="0" started-at="2018-04-26T20:21:26Z" finished-at="2018-04-26T20:21:26Z">
          <reporter-output>
          </reporter-output>
        </test-method> <!-- mobileLoginCarLoan -->
        <test-method status="PASS" signature="afterEvery()[pri:0, instance:test.day3@1e88b3c]" name="afterEvery" is-config="true" duration-ms="0" started-at="2018-04-26T20:21:26Z" finished-at="2018-04-26T20:21:26Z">
          <reporter-output>
          </reporter-output>
        </test-method> <!-- afterEvery -->
        <test-method status="PASS" signature="beforeEvery()[pri:0, instance:test.day3@1e88b3c]" name="beforeEvery" is-config="true" duration-ms="0" started-at="2018-04-26T20:21:26Z" finished-at="2018-04-26T20:21:26Z">
          <reporter-output>
          </reporter-output>
        </test-method> <!-- beforeEvery -->
        <test-method status="PASS" signature="mobileSignInLoan()[pri:0, instance:test.day3@1e88b3c]" name="mobileSignInLoan" duration-ms="1" started-at="2018-04-26T20:21:26Z" finished-at="2018-04-26T20:21:26Z">
          <reporter-output>
          </reporter-output>
        </test-method> <!-- mobileSignInLoan -->
        <test-method status="PASS" signature="afterEvery()[pri:0, instance:test.day3@1e88b3c]" name="afterEvery" is-config="true" duration-ms="1" started-at="2018-04-26T20:21:26Z" finished-at="2018-04-26T20:21:26Z">
          <reporter-output>
          </reporter-output>
        </test-method> <!-- afterEvery -->
        <test-method status="PASS" signature="mobileSignOutLoan()[pri:0, instance:test.day3@1e88b3c]" name="mobileSignOutLoan" duration-ms="0" started-at="2018-04-26T20:21:26Z" finished-at="2018-04-26T20:21:26Z">
          <reporter-output>
          </reporter-output>
        </test-method> <!-- mobileSignOutLoan -->
        <test-method status="PASS" signature="beforeEvery()[pri:0, instance:test.day3@1e88b3c]" name="beforeEvery" is-config="true" duration-ms="0" started-at="2018-04-26T20:21:26Z" finished-at="2018-04-26T20:21:26Z">
          <reporter-output>
          </reporter-output>
        </test-method> <!-- beforeEvery -->
        <test-method status="PASS" signature="webLoginCarLoan()[pri:0, instance:test.day3@1e88b3c]" name="webLoginCarLoan" duration-ms="1" started-at="2018-04-26T20:21:26Z" finished-at="2018-04-26T20:21:26Z">
          <reporter-output>
          </reporter-output>
        </test-method> <!-- webLoginCarLoan -->
        <test-method status="PASS" signature="beforeEvery()[pri:0, instance:test.day3@1e88b3c]" name="beforeEvery" is-config="true" duration-ms="0" started-at="2018-04-26T20:21:26Z" finished-at="2018-04-26T20:21:26Z">
          <reporter-output>
          </reporter-output>
        </test-method> <!-- beforeEvery -->
        <test-method status="PASS" signature="afterEvery()[pri:0, instance:test.day3@1e88b3c]" name="afterEvery" is-config="true" duration-ms="0" started-at="2018-04-26T20:21:26Z" finished-at="2018-04-26T20:21:26Z">
          <reporter-output>
          </reporter-output>
        </test-method> <!-- afterEvery -->
        <test-method status="PASS" signature="afterEvery()[pri:0, instance:test.day3@1e88b3c]" name="afterEvery" is-config="true" duration-ms="0" started-at="2018-04-26T20:21:26Z" finished-at="2018-04-26T20:21:26Z">
          <reporter-output>
          </reporter-output>
        </test-method> <!-- afterEvery -->
      </class> <!-- test.day3 -->
    </test> <!-- Car Loan -->
    <test name="Home Loan" duration-ms="5" started-at="2018-04-26T18:21:26Z" finished-at="2018-04-26T18:21:26Z">
      <class name="test.day4">
        <test-method status="PASS" signature="loginAPIhomeLoan()[pri:0, instance:test.day4@604ed9f0]" name="loginAPIhomeLoan" duration-ms="0" started-at="2018-04-26T20:21:26Z" finished-at="2018-04-26T20:21:26Z">
          <reporter-output>
          </reporter-output>
        </test-method> <!-- loginAPIhomeLoan -->
        <test-method status="PASS" signature="mobileLoginhomeLoan()[pri:0, instance:test.day4@604ed9f0]" name="mobileLoginhomeLoan" duration-ms="1" started-at="2018-04-26T20:21:26Z" finished-at="2018-04-26T20:21:26Z">
          <reporter-output>
          </reporter-output>
        </test-method> <!-- mobileLoginhomeLoan -->
        <test-method status="PASS" signature="webLoginhomeLoan()[pri:0, instance:test.day4@604ed9f0]" name="webLoginhomeLoan" duration-ms="0" started-at="2018-04-26T20:21:26Z" finished-at="2018-04-26T20:21:26Z">
          <reporter-output>
          </reporter-output>
        </test-method> <!-- webLoginhomeLoan -->
      </class> <!-- test.day4 -->
      <class name="test.day3">
        <test-method status="PASS" signature="beforeSuite()[pri:0, instance:test.day3@1e88b3c]" name="beforeSuite" is-config="true" duration-ms="7" started-at="2018-04-26T20:21:26Z" finished-at="2018-04-26T20:21:26Z">
          <reporter-output>
          </reporter-output>
        </test-method> <!-- beforeSuite -->
      </class> <!-- test.day3 -->
      <class name="test.day1">
        <test-method status="PASS" signature="afterSuite()[pri:0, instance:test.day1@482f8f11]" name="afterSuite" is-config="true" duration-ms="0" started-at="2018-04-26T20:21:26Z" finished-at="2018-04-26T20:21:26Z">
          <reporter-output>
          </reporter-output>
        </test-method> <!-- afterSuite -->
      </class> <!-- test.day1 -->
    </test> <!-- Home Loan -->
  </suite> <!-- Loan Department -->
</testng-results>
